Loading vessel list...
Found 650 vessels to scrape

[1/650] Scraping vessel 804...
  ✓ SAURI - IMO: 9266475

[2/650] Scraping vessel 801...
  ✓ EDERRA - IMO: 9258026

[3/650] Scraping vessel 742...
Error scraping vessel https://war-sanctions.gur.gov.ua/en/transport/shadow-fleet/742: HTTPSConnectionPool(host='war-sanctions.gur.gov.ua', port=443): Max retries exceeded with url: /en/transport/shadow-fleet/742 (Caused by SSLError(SSLEOFError(8, '[SSL: UNEXPECTED_EOF_WHILE_READING] EOF occurred in violation of protocol (_ssl.c:1018)')))
  ✗ Failed to scrape

[4/650] Scraping vessel 740...
  ✓ TANGO - IMO: 9292058

[5/650] Scraping vessel 734...
  ✓ SIRIUS 1 - IMO: 9285847

[6/650] Scraping vessel 720...
  ✓ PROXIMA - IMO: 9329655

[7/650] Scraping vessel 718...
  ✓ PEGASUS - IMO: 9276028

[8/650] Scraping vessel 717...
  ✓ OXIS - IMO: 9224805

[9/650] Scraping vessel 705...
  ✓ AMELL - IMO: 9257993

[10/650] Scraping vessel 702...
  ✓ IVY - IMO: 9337133

[11/650] Scraping vessel 695...
  ✓ M SOPHIA - IMO: 9289477

[12/650] Scraping vessel 694...
  ✓ LAUREN II - IMO: 9258521

[13/650] Scraping vessel 688...
  ✓ PROSPERITY - IMO: 9322956

[14/650] Scraping vessel 683...
  ✓ JUPITER - IMO: 9397535

[15/650] Scraping vessel 674...
  ✓ YURI SENKEVICH - IMO: 9301419

[16/650] Scraping vessel 662...
  ✓ FREYA - IMO: 9238052

[17/650] Scraping vessel 658...
  ✓ DIGNITY - IMO: 9283241

[18/650] Scraping vessel 657...
  ✓ MARIA - IMO: 9198783

[19/650] Scraping vessel 656...
  ✓ AULIS - IMO: 9233765

[20/650] Scraping vessel 655...
  ✓ ASTRA - IMO: 9273387

[21/650] Scraping vessel 652...
  ✓ Flag             Panama


            MMSI
            352001694


            Call sign            3E2714










                                Vessel name                            

AQUILA II - IMO: 9281152

[22/650] Scraping vessel 651...
  ✓ Flag             Panama


            MMSI
            352001692


            Call sign            3E2712










                                Vessel name                            

APUS - IMO: 9280885

[23/650] Scraping vessel 625...
  ✓ Flag             Malawi


            MMSI
            655908000


            Call sign            7QA291










                                Vessel name                            

OCEAN EMBRACE - IMO: 9327372

[24/650] Scraping vessel 614...
  ✓ Flag             Aruba


            MMSI
            307025000


            Call sign            P4AA06










                                Vessel name                            

NOBLE WALKER - IMO: 9292981

[25/650] Scraping vessel 608...
  ✓ NICHOLE - IMO: 9332822

[26/650] Scraping vessel 578...
  ✓ ALBA


            Flag             Gambia


            MMSI
            629009588


            Call sign            C5J690










                                Vessel name                            

OLIA - IMO: 9268112

[27/650] Scraping vessel 562...
  ✓ Flag             Malawi


            MMSI
            


            Call sign            










                                Vessel name                            

REGAL I - IMO: 9247431

[28/650] Scraping vessel 559...
  ✓ SABINA - IMO: 9524451

[29/650] Scraping vessel 537...
  ✓ SOLEA - IMO: 9319703

[30/650] Scraping vessel 519...
  ✓ Flag             Comoro Islands


            MMSI
            620999937


            Call sign            620999937










                                Vessel name                            

VIRAT - IMO: 9832559

[31/650] Scraping vessel 505...
  ✓ DESTAN - IMO: 9388766

[32/650] Scraping vessel 504...
  ✓ MA JIN - IMO: 9346744

[33/650] Scraping vessel 496...
  ✓ YANHU - IMO: 9297357

[34/650] Scraping vessel 476...
  ✓ FAST KATHY - IMO: 9408205

[35/650] Scraping vessel 462...
  ✓ FONDEYA - IMO: 9388742

[36/650] Scraping vessel 456...
  ✓ NOCTIS - IMO: 9258868

[37/650] Scraping vessel 447...
  ✓ Flag             Collectivity of Saint Martin


            MMSI
            306124000


            Call sign            PJBD17










                                Vessel name                            

ADONIA - IMO: 9242223

[38/650] Scraping vessel 446...
  ✓ KATHIA


            Flag             Guyana


            MMSI
            750067000


            Call sign            8RAW05










                                Vessel name                            

SAGITTA - IMO: 9296822

[39/650] Scraping vessel 436...
  ✓ SOORAJ - IMO: 9332834

[40/650] Scraping vessel 430...
  ✓ ELYTE - IMO: 9345623

[41/650] Scraping vessel 427...
  ✓ Flag             Panama


            MMSI
            352005093


            Call sign            3E8277










                                Vessel name                            

JUMBO - IMO: 9290335

[42/650] Scraping vessel 217...
  ✓ Flag             Guinea


            MMSI
            632001087


            Call sign            3X2062










                                Vessel name                            

AVRIL - IMO: 9322839

[43/650] Scraping vessel 164...
  ✓ LITEYNY PROSPECT - IMO: 9256078

[44/650] Scraping vessel 163...
  ✓ NEVSKIY PROSPECT - IMO: 9256054

[45/650] Scraping vessel 156...
  ✓ LADOGA - IMO: 9339313

[46/650] Scraping vessel 53...
  ✓ Flag             Guinea


            MMSI
            632001115


            Call sign            3X2088










                                Vessel name                            

BETTLE - IMO: 9323338

[47/650] Scraping vessel 52...
  ✓ BANDRA


            Flag             Guinea


            MMSI
            632001119


            Call sign            3X2091










                                Vessel name                            

SENSUS - IMO: 9296585

[48/650] Scraping vessel 51...
  ✓ SARA II - IMO: 9301615

[49/650] Scraping vessel 50...
  ✓ PICTOR - IMO: 9322827

[50/650] Scraping vessel 48...
  ✓ Flag             Guinea


            MMSI
            632001100


            Call sign            3X2075










                                Vessel name                            

SAHARA - IMO: 9322267

>>> Saving progress (50 vessels)...

[51/650] Scraping vessel 47...
  ✓ Flag             Guinea


            MMSI
            632001103


            Call sign            3X2078










                                Vessel name                            

MILEY - IMO: 9314818

[52/650] Scraping vessel 45...
  ✓ Flag             Guinea


            MMSI
            632001085


            Call sign            3X2061










                                Vessel name                            

SORION - IMO: 9274446

[53/650] Scraping vessel 44...
  ✓ ANTLIA


            Flag             Guinea


            MMSI
            632001112


            Call sign            3X2085










                                Vessel name                            

ANTILA - IMO: 9381744

[54/650] Scraping vessel 43...
  ✓ DRACO


            Flag             Guinea


            MMSI
            632001118


            Call sign            3X2090










                                Vessel name                            

HS GLORY - IMO: 9249087

[55/650] Scraping vessel 40...
  ✓ Flag             Guinea


            MMSI
            632001084


            Call sign            3X2059










                                Vessel name                            

AUGA - IMO: 9381732

[56/650] Scraping vessel 39...
  ✓ Flag             Eswatini


            MMSI
            669611000


            Call sign            3X2070










                                Vessel name                            

APUS - IMO: 9299745

[57/650] Scraping vessel 38...
  ✓ Flag             Guinea


            MMSI
            632001102


            Call sign            3X2077










                                Vessel name                            

LAURYN - IMO: 9259599

[58/650] Scraping vessel 37...
  ✓ Flag             Guinea


            MMSI
            3X2083


            Call sign            3X2083










                                Vessel name                            

KAROL - IMO: 9327413

[59/650] Scraping vessel 1149...
  ✓ Flag             Panama


            MMSI
            352004634


            Call sign            3E6915










                                Vessel name                            

SEGINUS - IMO: 9256028

[60/650] Scraping vessel 1148...
  ✓ VISION - IMO: 9236016

[61/650] Scraping vessel 1147...
  ✓ AURA - IMO: 9624316

[62/650] Scraping vessel 1146...
  ✓ INDRI - IMO: 9247429

[63/650] Scraping vessel 1145...
  ✓ Flag             Sierra Leone


            MMSI
            667002020


            Call sign            9LU2823










                                Vessel name                            

MINION - IMO: 9389095

[64/650] Scraping vessel 1144...
  ✓ MARIEL - IMO: 9247376

[65/650] Scraping vessel 1095...
  ✓ Flag             Panama


            MMSI
            352421000


            Call sign            HPPN










                                Vessel name                            

SKADI - IMO: 9230971

[66/650] Scraping vessel 1068...
  ✓ VIREL


            Flag             Palau


            MMSI
            511101798


            Call sign            T8A5295










                                Vessel name                            

VIPER - IMO: 9299874

[67/650] Scraping vessel 1066...
  ✓ MARLIN - IMO: 9585912

[68/650] Scraping vessel 1061...
  ✓ LISTIGA - IMO: 9292838

[69/650] Scraping vessel 1060...
  ✓ LERUO - IMO: 9385831

[70/650] Scraping vessel 1058...
  ✓ GOLDEN EAGLE - IMO: 9255684

[71/650] Scraping vessel 1056...
  ✓ BIVOLA - IMO: 9266865

[72/650] Scraping vessel 1055...
  ✓ KAI FU - IMO: 9281009

[73/650] Scraping vessel 1054...
  ✓ MONTE 1 - IMO: 9297553

[74/650] Scraping vessel 1053...
  ✓ Flag             Palau


            MMSI
            511101797


            Call sign            T8A5292










                                Vessel name                            

EVITA - IMO: 9408530

[75/650] Scraping vessel 1052...
  ✓ SMYRTOS - IMO: 9389100

[76/650] Scraping vessel 1051...
  ✓ SEASONS I - IMO: 9308950

[77/650] Scraping vessel 1050...
  ✓ PRISMA - IMO: 9299678

[78/650] Scraping vessel 1049...
  ✓ SANAR-18 - IMO: 9645011

[79/650] Scraping vessel 1048...
  ✓ ARMADA EXPLORER - IMO: 9377042

[80/650] Scraping vessel 1047...
  ✓ FLURA - IMO: 9354636

[81/650] Scraping vessel 1046...
  ✓ SERGEY TERSKOV - IMO: 9637961

[82/650] Scraping vessel 1045...
  ✓ VOLGONEFT-251 - IMO: 8231057

[83/650] Scraping vessel 1044...
  ✓ VOLGONEFT-160 - IMO: 8867129

[84/650] Scraping vessel 1043...
  ✓ AKHTY - IMO: 9435337

[85/650] Scraping vessel 1042...
  ✓ MT KONSTANTINOVSK - IMO: 9113276

[86/650] Scraping vessel 1041...
  ✓ SAMADHA - IMO: 9286281

[87/650] Scraping vessel 1040...
  ✓ SARASWATI - IMO: 9383869

[88/650] Scraping vessel 1039...
  ✓ MONARCH I - IMO: 9377779

[89/650] Scraping vessel 1038...
  ✓ VISION - IMO: 9260067

[90/650] Scraping vessel 1037...
  ✓ LION I - IMO: 9384069

[91/650] Scraping vessel 1036...
  ✓ GOGLAND - IMO: 9430210

[92/650] Scraping vessel 1035...
  ✓ FELIKS - IMO: 9459242

[93/650] Scraping vessel 1033...
  ✓ PIERRE - IMO: 9266877

[94/650] Scraping vessel 1032...
  ✓ Flag             Panama


            MMSI
            352002725


            Call sign            3E5031










                                Vessel name                            

RICCA - IMO: 9292577

[95/650] Scraping vessel 1031...
  ✓ MATARI - IMO: 9253313

[96/650] Scraping vessel 1026...
  ✓ WU TAI - IMO: 9419151

[97/650] Scraping vessel 1024...
  ✓ Flag             Palau


            MMSI
            511101787


            Call sign            T8A5276










                                Vessel name                            

MARBLE - IMO: 9323974

[98/650] Scraping vessel 1023...
  ✓ LARK - IMO: 9277759

[99/650] Scraping vessel 952...
  ✓ DORIN - IMO: 9290828

[100/650] Scraping vessel 951...
  ✓ NORDIMAR GALE - IMO: 9263198

>>> Saving progress (100 vessels)...

[101/650] Scraping vessel 911...
  ✓ SHUSHA - IMO: 9779941

[102/650] Scraping vessel 910...
  ✓ BLUE TALU - IMO: 9334557

[103/650] Scraping vessel 899...
  ✓ SOFIA K - IMO: 9299123

[104/650] Scraping vessel 897...
  ✓ RUNA - IMO: 9314882

[105/650] Scraping vessel 876...
  ✓ KARABAKH - IMO: 9810513

[106/650] Scraping vessel 871...
  ✓ Flag             Benin


            MMSI
            610000040


            Call sign            TYAE3










                                Vessel name                            

MAISAN - IMO: 9289776

[107/650] Scraping vessel 863...
  ✓ KATRAN - IMO: 9260275

[108/650] Scraping vessel 855...
  ✓ JACKLYN - IMO: 9313498

[109/650] Scraping vessel 853...
  ✓ KALUGA - IMO: 9585924

[110/650] Scraping vessel 851...
  ✓ MARS 6 - IMO: 9384992

[111/650] Scraping vessel 850...
  ✓ LUMIN - IMO: 9330599

[112/650] Scraping vessel 814...
  ✓ Flag             Benin


            MMSI
            610000050


            Call sign            TYAF4










                                Vessel name                            

STABILLIS I - IMO: 9234501

[113/650] Scraping vessel 813...
  ✓ Flag             Malawi


            MMSI
            655892000


            Call sign            3E7185










                                Vessel name                            

SANDHYA - IMO: 9352195

[114/650] Scraping vessel 803...
  ✓ FLORA 1 - IMO: 9307815

[115/650] Scraping vessel 781...
  ✓ SEA MARINE 1 - IMO: 9255830

[116/650] Scraping vessel 763...
  ✓ AKAR WEST - IMO: 9258167

[117/650] Scraping vessel 639...
  ✓ WALRUS - IMO: 9297888

[118/650] Scraping vessel 621...
  ✓ UTAKI - IMO: 9262924

[119/650] Scraping vessel 612...
  ✓ RYMO - IMO: 9308857

[120/650] Scraping vessel 602...
  ✓ Flag             Sierra Leone


            MMSI
            667001242


            Call sign            9LU2045










                                Vessel name                            

LEBRE - IMO: 9255672

[121/650] Scraping vessel 600...
  ✓ KUSTO - IMO: 9308833

[122/650] Scraping vessel 598...
  ✓ OCEAN PEARL - IMO: 9436018

[123/650] Scraping vessel 583...
Error scraping vessel https://war-sanctions.gur.gov.ua/en/transport/shadow-fleet/583: HTTPSConnectionPool(host='war-sanctions.gur.gov.ua', port=443): Max retries exceeded with url: /en/transport/shadow-fleet/583 (Caused by SSLError(SSLEOFError(8, '[SSL: UNEXPECTED_EOF_WHILE_READING] EOF occurred in violation of protocol (_ssl.c:1018)')))
  ✗ Failed to scrape

[124/650] Scraping vessel 582...
  ✓ AILAMA - IMO: 9232888

[125/650] Scraping vessel 571...
  ✓ ELISE - IMO: 9277747

[126/650] Scraping vessel 544...
  ✓ NAYARA


            Flag             Palau


            MMSI
            511101768


            Call sign            T8A5255










                                Vessel name                            

THEMIS - IMO: 9264570

[127/650] Scraping vessel 523...
  ✓ VERNAL - IMO: 9207027

[128/650] Scraping vessel 511...
  ✓ NAXOS - IMO: 9336426

[129/650] Scraping vessel 506...
  ✓ NAUTILUS - IMO: 9434890

[130/650] Scraping vessel 503...
  ✓ PATE - IMO: 9338905

[131/650] Scraping vessel 494...
  ✓ KIRA K - IMO: 9346720

[132/650] Scraping vessel 492...
  ✓ CETUS - IMO: 9418482

[133/650] Scraping vessel 487...
  ✓ FIESTA - IMO: 9260823

[134/650] Scraping vessel 486...
Error scraping vessel https://war-sanctions.gur.gov.ua/en/transport/shadow-fleet/486: ('Connection aborted.', RemoteDisconnected('Remote end closed connection without response'))
  ✗ Failed to scrape

[135/650] Scraping vessel 478...
Error scraping vessel https://war-sanctions.gur.gov.ua/en/transport/shadow-fleet/478: HTTPSConnectionPool(host='war-sanctions.gur.gov.ua', port=443): Max retries exceeded with url: /en/transport/shadow-fleet/478 (Caused by SSLError(SSLEOFError(8, '[SSL: UNEXPECTED_EOF_WHILE_READING] EOF occurred in violation of protocol (_ssl.c:1018)')))
  ✗ Failed to scrape

[136/650] Scraping vessel 463...
Error scraping vessel https://war-sanctions.gur.gov.ua/en/transport/shadow-fleet/463: HTTPSConnectionPool(host='war-sanctions.gur.gov.ua', port=443): Read timed out. (read timeout=30)
  ✗ Failed to scrape

[137/650] Scraping vessel 448...
Error scraping vessel https://war-sanctions.gur.gov.ua/en/transport/shadow-fleet/448: HTTPSConnectionPool(host='war-sanctions.gur.gov.ua', port=443): Max retries exceeded with url: /en/transport/shadow-fleet/448 (Caused by SSLError(SSLEOFError(8, '[SSL: UNEXPECTED_EOF_WHILE_READING] EOF occurred in violation of protocol (_ssl.c:1018)')))
  ✗ Failed to scrape

[138/650] Scraping vessel 445...
Error scraping vessel https://war-sanctions.gur.gov.ua/en/transport/shadow-fleet/445: HTTPSConnectionPool(host='war-sanctions.gur.gov.ua', port=443): Read timed out. (read timeout=30)
  ✗ Failed to scrape

[139/650] Scraping vessel 437...
Error scraping vessel https://war-sanctions.gur.gov.ua/en/transport/shadow-fleet/437: HTTPSConnectionPool(host='war-sanctions.gur.gov.ua', port=443): Read timed out. (read timeout=30)
  ✗ Failed to scrape

[140/650] Scraping vessel 429...
  ✓ SPARK - IMO: 9310525

[141/650] Scraping vessel 424...
  ✓ JALDHARA - IMO: 9304825

[142/650] Scraping vessel 422...
  ✓ DIVA 1 - IMO: 9297371

[143/650] Scraping vessel 414...
  ✓ NAGARJUNA - IMO: 9299733

[144/650] Scraping vessel 378...
  ✓ CROSS OCEAN - IMO: 9251810

[145/650] Scraping vessel 302...
  ✓ ELEPHANT - IMO: 9374868

[146/650] Scraping vessel 800...
  ✓ APATE - IMO: 9433016

[147/650] Scraping vessel 798...
  ✓ OMNI - IMO: 9400980

[148/650] Scraping vessel 796...
Error scraping vessel https://war-sanctions.gur.gov.ua/en/transport/shadow-fleet/796: HTTPSConnectionPool(host='war-sanctions.gur.gov.ua', port=443): Max retries exceeded with url: /en/transport/shadow-fleet/796 (Caused by SSLError(SSLEOFError(8, '[SSL: UNEXPECTED_EOF_WHILE_READING] EOF occurred in violation of protocol (_ssl.c:1018)')))
  ✗ Failed to scrape

[149/650] Scraping vessel 788...
  ✓ CHARMINAR - IMO: 9318022

[150/650] Scraping vessel 787...
  ✓ TOA PAYOH - IMO: 9298492

>>> Saving progress (150 vessels)...

[151/650] Scraping vessel 785...
  ✓ ABHRA - IMO: 9282041

[152/650] Scraping vessel 592...
  ✓ BRIONT - IMO: 9252955

[153/650] Scraping vessel 580...
Error scraping vessel https://war-sanctions.gur.gov.ua/en/transport/shadow-fleet/580: ('Connection aborted.', RemoteDisconnected('Remote end closed connection without response'))
  ✗ Failed to scrape

[154/650] Scraping vessel 575...
Error scraping vessel https://war-sanctions.gur.gov.ua/en/transport/shadow-fleet/575: HTTPSConnectionPool(host='war-sanctions.gur.gov.ua', port=443): Max retries exceeded with url: /en/transport/shadow-fleet/575 (Caused by SSLError(SSLEOFError(8, '[SSL: UNEXPECTED_EOF_WHILE_READING] EOF occurred in violation of protocol (_ssl.c:1018)')))
  ✗ Failed to scrape

[155/650] Scraping vessel 549...
Error scraping vessel https://war-sanctions.gur.gov.ua/en/transport/shadow-fleet/549: HTTPSConnectionPool(host='war-sanctions.gur.gov.ua', port=443): Read timed out. (read timeout=30)
  ✗ Failed to scrape

[156/650] Scraping vessel 528...
Error scraping vessel https://war-sanctions.gur.gov.ua/en/transport/shadow-fleet/528: HTTPSConnectionPool(host='war-sanctions.gur.gov.ua', port=443): Read timed out. (read timeout=30)
  ✗ Failed to scrape

[157/650] Scraping vessel 485...
Error scraping vessel https://war-sanctions.gur.gov.ua/en/transport/shadow-fleet/485: ('Connection aborted.', RemoteDisconnected('Remote end closed connection without response'))
  ✗ Failed to scrape

[158/650] Scraping vessel 1019...
Error scraping vessel https://war-sanctions.gur.gov.ua/en/transport/shadow-fleet/1019: HTTPSConnectionPool(host='war-sanctions.gur.gov.ua', port=443): Read timed out. (read timeout=30)
  ✗ Failed to scrape

[159/650] Scraping vessel 1018...
  ✓ OSTROV RUSSKIY - IMO: 9087714

[160/650] Scraping vessel 1017...
  ✓ OKEAN - IMO: 9142916

[161/650] Scraping vessel 1015...
  ✓ VAULT - IMO: 9310707

[162/650] Scraping vessel 1013...
  ✓ PIER - IMO: 9273442

[163/650] Scraping vessel 1011...
  ✓ VALENTE - IMO: 9288863

[164/650] Scraping vessel 1010...
  ✓ BOLOGNIA FALCON - IMO: 9255244

[165/650] Scraping vessel 1006...
  ✓ MANTA - IMO: 9424651

[166/650] Scraping vessel 1004...
  ✓ BUDDHA - IMO: 9283306

[167/650] Scraping vessel 1003...
  ✓ DMITRY POKROVSKY - IMO: 9683726

[168/650] Scraping vessel 999...
  ✓ VF TANKER-4 - IMO: 9640528

[169/650] Scraping vessel 998...
  ✓ VF TANKER-3 - IMO: 9640516

[170/650] Scraping vessel 997...
  ✓ IRTYSH RIVER - IMO: 9435375

[171/650] Scraping vessel 996...
  ✓ VOLGA RIVER - IMO: 9435363

[172/650] Scraping vessel 991...
  ✓ WALL - IMO: 9299886

[173/650] Scraping vessel 989...
  ✓ ZAMBRA - IMO: 9175078

[174/650] Scraping vessel 988...
  ✓ PARTIZANSK - IMO: 8700096

[175/650] Scraping vessel 987...
  ✓ IMMANUEL - IMO: 9056571

[176/650] Scraping vessel 986...
  ✓ AVIOR - IMO: 9164512

[177/650] Scraping vessel 985...
  ✓ ARNO BABAJANYAN - IMO: 9163764

[178/650] Scraping vessel 984...
  ✓ BLACK SEA EAGLE - IMO: 9495832

[179/650] Scraping vessel 983...
  ✓ ARIA - IMO: 9327360

[180/650] Scraping vessel 982...
  ✓ KORD ATLANTIC - IMO: 9299161

[181/650] Scraping vessel 981...
  ✓ NIMBUS SPB - IMO: 8821761

[182/650] Scraping vessel 980...
  ✓ ODIN - IMO: 9151890

[183/650] Scraping vessel 978...
  ✓ VELES - IMO: 9299173

[184/650] Scraping vessel 927...
  ✓ CILICIA - IMO: 9171175

[185/650] Scraping vessel 921...
  ✓ SEABASS - IMO: 9266750

[186/650] Scraping vessel 905...
  ✓ CENTURION - IMO: 9380673

[187/650] Scraping vessel 874...
  ✓ BERRA - IMO: 9308821

[188/650] Scraping vessel 864...
  ✓ HANNAH - IMO: 9261619

[189/650] Scraping vessel 862...
  ✓ ETERNAL PEACE - IMO: 9259745

[190/650] Scraping vessel 859...
  ✓ SKY RIDER - IMO: 9208124

[191/650] Scraping vessel 857...
  ✓ TAIMYR - IMO: 9105140

[192/650] Scraping vessel 786...
  ✓ LILY - IMO: 9294331

[193/650] Scraping vessel 765...
  ✓ PACIFIC - IMO: 9329667

[194/650] Scraping vessel 750...
  ✓ VLADIMIR MONOMAKH - IMO: 9842176

[195/650] Scraping vessel 746...
  ✓ UNIVERSAL - IMO: 9384306

[196/650] Scraping vessel 743...
  ✓ Flag             Comoro Islands


            MMSI
            620800025


            Call sign            D6A4025










                                Vessel name                            

TRIUMPH - IMO: 9344033

[197/650] Scraping vessel 739...
  ✓ TALISMAN - IMO: 9292060

[198/650] Scraping vessel 738...
  ✓ SYMPHONY - IMO: 9309588

[199/650] Scraping vessel 736...
  ✓ RUBY CROSS - IMO: 9350654

[200/650] Scraping vessel 733...
  ✓ SI HE - IMO: 9378618

>>> Saving progress (200 vessels)...

[201/650] Scraping vessel 713...
  ✓ ONYX - IMO: 9236640

[202/650] Scraping vessel 708...
  ✓ NEW POWER - IMO: 9266853

[203/650] Scraping vessel 706...
  ✓ SPRING - IMO: 9315446

[204/650] Scraping vessel 704...
  ✓ XANTHOS EOS - IMO: 9231212

[205/650] Scraping vessel 701...
  ✓ HYPERION - IMO: 9322968

[206/650] Scraping vessel 700...
  ✓ XD LEO


            Flag             Malawi


            MMSI
            655081771


            Call sign            7QS171










                                Vessel name                            

HUIHAI ATLANTIC - IMO: 9312872

[207/650] Scraping vessel 699...
  ✓ HENG TAI - IMO: 9419448

[208/650] Scraping vessel 690...
  ✓ PAVEL CHERNYSH - IMO: 9301380

[209/650] Scraping vessel 689...
  ✓ Flag             Comoro Islands


            MMSI
            620800040


            Call sign            D6A4040










                                Vessel name                            

SAPPHIRE - IMO: 9309576

[210/650] Scraping vessel 680...
  ✓ TK SCORPIO - IMO: 9346732

[211/650] Scraping vessel 678...
  ✓ VLADIMIR ARSENYEV - IMO: 9901025

[212/650] Scraping vessel 673...
  ✓ ZALIV BAIKAL - IMO: 9360128

[213/650] Scraping vessel 672...
  ✓ ZALIV VOSTOK - IMO: 9360130

[214/650] Scraping vessel 671...
  ✓ KUPAVA - IMO: 9749154

[215/650] Scraping vessel 665...
  ✓ ALMOND - IMO: 9385142

[216/650] Scraping vessel 664...
  ✓ Flag             Nigeria


            MMSI
            657990050


            Call sign            5NA2000










                                Vessel name                            

DEYNA - IMO: 9299903

[217/650] Scraping vessel 663...
  ✓ Flag             Guinea


            MMSI
            632001123


            Call sign            3X2095










                                Vessel name                            

VIEW - IMO: 9271327

[218/650] Scraping vessel 661...
  ✓ CANARA - IMO: 9411331

[219/650] Scraping vessel 660...
  ✓ CANGJIE - IMO: 9299680

[220/650] Scraping vessel 654...
  ✓ ARIADNE - IMO: 9397547

[221/650] Scraping vessel 647...
  ✓ AKADEMIK GUBKIN - IMO: 9842190

[222/650] Scraping vessel 638...
  ✓ EAGLE S - IMO: 9329760

[223/650] Scraping vessel 627...
  ✓ OKEANSKY PROSPECT - IMO: 9866380

[224/650] Scraping vessel 626...
  ✓ TRUST - IMO: 9382798

[225/650] Scraping vessel 624...
  ✓ ECHO - IMO: 9276030

[226/650] Scraping vessel 623...
  ✓ VOSTOCHNY PROSPECT - IMO: 9866392

[227/650] Scraping vessel 622...
  ✓ VLADIMIR VINOGRADOV - IMO: 9842188

[228/650] Scraping vessel 615...
  ✓ PATHFINDER - IMO: 9577094

[229/650] Scraping vessel 611...
  ✓ PREMIER - IMO: 9577082

[230/650] Scraping vessel 603...
  ✓ PRS OCEAN - IMO: 9276561

[231/650] Scraping vessel 579...
  ✓ PANDA - IMO: 9284582

[232/650] Scraping vessel 576...
  ✓ MIN HANG - IMO: 9257137

[233/650] Scraping vessel 566...
  ✓ KOEN - IMO: 9199127

[234/650] Scraping vessel 564...
  ✓ TURACO - IMO: 9247780

[235/650] Scraping vessel 561...
  ✓ FRUNZE - IMO: 9263643

[236/650] Scraping vessel 560...
  ✓ SAKINA - IMO: 9530917

[237/650] Scraping vessel 558...
  ✓ AQUATICA - IMO: 9299769

[238/650] Scraping vessel 557...
  ✓ EMINENT - IMO: 9383950

[239/650] Scraping vessel 552...
  ✓ FULGER - IMO: 9326718

[240/650] Scraping vessel 550...
  ✓ CAPTAIN KOSTICHEV - IMO: 9301392

[241/650] Scraping vessel 545...
  ✓ Flag             Malawi


            MMSI
            620999422


            Call sign            D6A3421










                                Vessel name                            

AGNI - IMO: 9337389

[242/650] Scraping vessel 542...
  ✓ RANGLER - IMO: 9206671

[243/650] Scraping vessel 541...
  ✓ LONG BAI - IMO: 9388754

[244/650] Scraping vessel 540...
  ✓ SIKAR - IMO: 9419137

[245/650] Scraping vessel 539...
  ✓ FREDA - IMO: 9402469

[246/650] Scraping vessel 536...
  ✓ CINDY - IMO: 9270517

[247/650] Scraping vessel 535...
  ✓ SILVERA - IMO: 9248849

[248/650] Scraping vessel 534...
  ✓ Flag             Malawi


            MMSI
            655150427


            Call sign            7QS184










                                Vessel name                            

LOTUS - IMO: 9392822

[249/650] Scraping vessel 533...
  ✓ MALAK - IMO: 9378632

[250/650] Scraping vessel 531...
  ✓ SUN - IMO: 9293117

>>> Saving progress (250 vessels)...

[251/650] Scraping vessel 527...
  ✓ STELLAR BEVERLY - IMO: 9208069

[252/650] Scraping vessel 518...
  ✓ Flag             Comoro Islands


            MMSI
            620999940


            Call sign            D6A3940










                                Vessel name                            

VELMAR - IMO: 9832547

[253/650] Scraping vessel 517...
  ✓ SAMIRA - IMO: 9436006

[254/650] Scraping vessel 509...
  ✓ TOREX - IMO: 9257814

[255/650] Scraping vessel 502...
Error scraping vessel https://war-sanctions.gur.gov.ua/en/transport/shadow-fleet/502: HTTPSConnectionPool(host='war-sanctions.gur.gov.ua', port=443): Read timed out. (read timeout=30)
  ✗ Failed to scrape

[256/650] Scraping vessel 495...
  ✓ AMBER 6 - IMO: 9235713

[257/650] Scraping vessel 490...
Error scraping vessel https://war-sanctions.gur.gov.ua/en/transport/shadow-fleet/490: HTTPSConnectionPool(host='war-sanctions.gur.gov.ua', port=443): Max retries exceeded with url: /en/transport/shadow-fleet/490 (Caused by SSLError(SSLEOFError(8, '[SSL: UNEXPECTED_EOF_WHILE_READING] EOF occurred in violation of protocol (_ssl.c:1018)')))
  ✗ Failed to scrape

[258/650] Scraping vessel 489...
  ✓ SATARA - IMO: 9524463

[259/650] Scraping vessel 488...
  ✓ DANSHUI - IMO: 9589750

[260/650] Scraping vessel 483...
  ✓ KATIUSKA - IMO: 9236004

[261/650] Scraping vessel 482...
  ✓ DESTAMAR - IMO: 9253894

[262/650] Scraping vessel 481...
  ✓ NEER 1 - IMO: 9224283

[263/650] Scraping vessel 480...
  ✓ MAKALU - IMO: 9314105

[264/650] Scraping vessel 479...
  ✓ MERU - IMO: 9187227

[265/650] Scraping vessel 474...
  ✓ SIRIUS - IMO: 9422445

[266/650] Scraping vessel 471...
  ✓ PRIYA


            Flag             Belize


            MMSI
            312242000


            Call sign            V3MD7










                                Vessel name                            

VESNA - IMO: 9233349

[267/650] Scraping vessel 467...
  ✓ OLAF 1 - IMO: 9224465

[268/650] Scraping vessel 466...
  ✓ MEROPE - IMO: 9281891

[269/650] Scraping vessel 465...
  ✓ ZEVS - IMO: 9168946

[270/650] Scraping vessel 464...
  ✓ SKYLYN - IMO: 9259197

[271/650] Scraping vessel 454...
  ✓ MITZEL - IMO: 9233741

[272/650] Scraping vessel 452...
  ✓ SYNDRA - IMO: 9321976

[273/650] Scraping vessel 451...
  ✓ LYRA - IMO: 9314088

[274/650] Scraping vessel 425...
  ✓ JAGGER - IMO: 9354301

[275/650] Scraping vessel 423...
  ✓ VOYAGER - IMO: 9843560

[276/650] Scraping vessel 420...
  ✓ LATUR - IMO: 9321706

[277/650] Scraping vessel 419...
  ✓ PRUDENCE - IMO: 9271585

[278/650] Scraping vessel 281...
  ✓ ROSALIND


            Flag             Guinea


            MMSI
            632001136


            Call sign            3X2108










                                Vessel name                            

LUNAR TIDE - IMO: 9277735

[279/650] Scraping vessel 277...
  ✓ SERENADE - IMO: 9318541

[280/650] Scraping vessel 276...
  ✓ SAGA - IMO: 9318553

[281/650] Scraping vessel 223...
  ✓ LIPETSK - IMO: 9339301

[282/650] Scraping vessel 221...
  ✓ PR - IMO: 9421960

[283/650] Scraping vessel 185...
  ✓ KARELIYA - IMO: 9306782

[284/650] Scraping vessel 184...
  ✓ LIGOVSKY PROSPECT - IMO: 9256066

[285/650] Scraping vessel 183...
  ✓ KAZAN - IMO: 9258002

[286/650] Scraping vessel 165...
  ✓ Krymsk - IMO: 9270529

[287/650] Scraping vessel 160...
  ✓ Kaliningrad - IMO: 9341067

[288/650] Scraping vessel 49...
  ✓ Flag             Guinea


            MMSI
            632001090


            Call sign            3X2065










                                Vessel name                            

KRUGER - IMO: 9412995

[289/650] Scraping vessel 606...
  ✓ OLINA - IMO: 9282479

[290/650] Scraping vessel 584...
  ✓ Flag             Comoro Islands


            MMSI
            620999856


            Call sign            D6A3963










                                Vessel name                            

GURU - IMO: 9353096

[291/650] Scraping vessel 522...
  ✓ NAVIGATOR RIDGE


            Flag             Mozambique


            MMSI
            650630000


            Call sign            C9N143










                                Vessel name                            

OCEAN FAYE - IMO: 9321689

[292/650] Scraping vessel 501...
  ✓ Flag             Comoro Islands


            MMSI
            620999854


            Call sign            D6A3856










                                Vessel name                            

DIANCHI - IMO: 9281011

[293/650] Scraping vessel 460...
  ✓ Flag             Comoro Islands


            MMSI
            620999999


            Call sign            D6A3999










                                Vessel name                            

AQUA TITAN - IMO: 9332781

[294/650] Scraping vessel 435...
  ✓ SWIFTSEA RIDER - IMO: 9318539

[295/650] Scraping vessel 433...
  ✓ Flag            


            MMSI
            620800015


            Call sign            










                                Vessel name                            

CONICO ATLAS - IMO: 9288693

[296/650] Scraping vessel 431...
  ✓ Flag             Comoro Islands


            MMSI
            620999965


            Call sign            D6A3965










                                Vessel name                            

MARATHON - IMO: 9288746

[297/650] Scraping vessel 413...
  ✓ Flag             Comoro Islands


            MMSI
            620999997


            Call sign            D6A3997










                                Vessel name                            

KARTHA - IMO: 9317949

[298/650] Scraping vessel 411...
  ✓ BORACAY


            Flag             Benin


            MMSI
            610107116


            Call sign            TYD16










                                Vessel name                            

PUSHPA - IMO: 9332810

[299/650] Scraping vessel 410...
  ✓ BRAVE DISCOVERER - IMO: 9288722

[300/650] Scraping vessel 409...
Error scraping vessel https://war-sanctions.gur.gov.ua/en/transport/shadow-fleet/409: HTTPSConnectionPool(host='war-sanctions.gur.gov.ua', port=443): Read timed out. (read timeout=30)
  ✗ Failed to scrape

>>> Saving progress (300 vessels)...

[301/650] Scraping vessel 407...
Error scraping vessel https://war-sanctions.gur.gov.ua/en/transport/shadow-fleet/407: HTTPSConnectionPool(host='war-sanctions.gur.gov.ua', port=443): Read timed out. (read timeout=30)
  ✗ Failed to scrape

[302/650] Scraping vessel 406...
Error scraping vessel https://war-sanctions.gur.gov.ua/en/transport/shadow-fleet/406: HTTPSConnectionPool(host='war-sanctions.gur.gov.ua', port=443): Max retries exceeded with url: /en/transport/shadow-fleet/406 (Caused by NameResolutionError("<urllib3.connection.HTTPSConnection object at 0x108472c10>: Failed to resolve 'war-sanctions.gur.gov.ua' ([Errno 8] nodename nor servname provided, or not known)"))
  ✗ Failed to scrape

[303/650] Scraping vessel 398...
Error scraping vessel https://war-sanctions.gur.gov.ua/en/transport/shadow-fleet/398: HTTPSConnectionPool(host='war-sanctions.gur.gov.ua', port=443): Max retries exceeded with url: /en/transport/shadow-fleet/398 (Caused by NameResolutionError("<urllib3.connection.HTTPSConnection object at 0x108fc4690>: Failed to resolve 'war-sanctions.gur.gov.ua' ([Errno 8] nodename nor servname provided, or not known)"))
  ✗ Failed to scrape

[304/650] Scraping vessel 335...
  ✓ ZALIV ANIVA - IMO: 9418494

[305/650] Scraping vessel 279...
  ✓ Flag             Comoro Islands


            MMSI
            620999977


            Call sign            D6A3977










                                Vessel name                            

KELLY GRACE - IMO: 9331141

[306/650] Scraping vessel 269...
  ✓ PHOENIX - IMO: 9333424

[307/650] Scraping vessel 268...
  ✓ SUCCESS - IMO: 9333436

[308/650] Scraping vessel 267...
  ✓ PETA LUMINA - IMO: 9296391

[309/650] Scraping vessel 266...
  ✓ Flag             Sao Tome and Principe


            MMSI
            668116155


            Call sign            S9-UZ










                                Vessel name                            

LOKOSAO - IMO: 9286657

[310/650] Scraping vessel 265...
  ✓ Flag             Sao Tome and Principe


            MMSI
            668116149


            Call sign            S9-UT










                                Vessel name                            

LORENA GRAND - IMO: 9288899

[311/650] Scraping vessel 215...
  ✓ VIKTOR BAKAEV - IMO: 9610810

[312/650] Scraping vessel 167...
  ✓ BELGOROD - IMO: 9412359

[313/650] Scraping vessel 159...
  ✓ BRATSK - IMO: 9411020

[314/650] Scraping vessel 807...
  ✓ JUPITER I - IMO: 9599341

[315/650] Scraping vessel 806...
  ✓ JI XIANG - IMO: 9384459

[316/650] Scraping vessel 805...
  ✓ NEVAH - IMO: 9368235

[317/650] Scraping vessel 802...
  ✓ TEMIRO - IMO: 9209972

[318/650] Scraping vessel 766...
  ✓ NOBLE - IMO: 9333400

[319/650] Scraping vessel 719...
  ✓ Flag             Guinea


            MMSI
            632001125


            Call sign            3X2098










                                Vessel name                            

PRAVASI - IMO: 9409467

[320/650] Scraping vessel 693...
  ✓ VIKTOR TITOV - IMO: 9301407

[321/650] Scraping vessel 692...
Error scraping vessel https://war-sanctions.gur.gov.ua/en/transport/shadow-fleet/692: HTTPSConnectionPool(host='war-sanctions.gur.gov.ua', port=443): Read timed out. (read timeout=30)
  ✗ Failed to scrape

[322/650] Scraping vessel 681...
Error scraping vessel https://war-sanctions.gur.gov.ua/en/transport/shadow-fleet/681: ('Connection aborted.', RemoteDisconnected('Remote end closed connection without response'))
  ✗ Failed to scrape

[323/650] Scraping vessel 679...
Error scraping vessel https://war-sanctions.gur.gov.ua/en/transport/shadow-fleet/679: HTTPSConnectionPool(host='war-sanctions.gur.gov.ua', port=443): Read timed out. (read timeout=30)
  ✗ Failed to scrape

[324/650] Scraping vessel 636...
Error scraping vessel https://war-sanctions.gur.gov.ua/en/transport/shadow-fleet/636: HTTPSConnectionPool(host='war-sanctions.gur.gov.ua', port=443): Max retries exceeded with url: /en/transport/shadow-fleet/636 (Caused by SSLError(SSLEOFError(8, '[SSL: UNEXPECTED_EOF_WHILE_READING] EOF occurred in violation of protocol (_ssl.c:1018)')))
  ✗ Failed to scrape

[325/650] Scraping vessel 635...
  ✓ Flag             Gambia


            MMSI
            629009582


            Call sign            C5J684










                                Vessel name                            

MOCHA - IMO: 9271951

[326/650] Scraping vessel 595...
  ✓ CRIUS - IMO: 9251274

[327/650] Scraping vessel 556...
  ✓ Flag             Malawi


            MMSI
            655886000


            Call sign            7QAA07










                                Vessel name                            

GARASAN - IMO: 9323986

[328/650] Scraping vessel 555...
  ✓ Flag             Democratic Republic of T - IMO: 9292503

[329/650] Scraping vessel 553...
  ✓ SERENA - IMO: 9255660

[330/650] Scraping vessel 514...
  ✓ THRON - IMO: 9404948

[331/650] Scraping vessel 510...
  ✓ Flag             Benin


            MMSI
            629009474


            Call sign            C5J486










                                Vessel name                            

BENEDICT - IMO: 9293155

[332/650] Scraping vessel 507...
  ✓ DALVA - IMO: 9378620

[333/650] Scraping vessel 499...
  ✓ UNITY - IMO: 9388792

[334/650] Scraping vessel 498...
  ✓ ASTRAL - IMO: 9274800

[335/650] Scraping vessel 491...
  ✓ DASHAN - IMO: 9299666

[336/650] Scraping vessel 459...
  ✓ Flag             Malawi


            MMSI
            621819080


            Call sign            J2GK










                                Vessel name                            

NIGHT GLORY - IMO: 9319674

[337/650] Scraping vessel 458...
  ✓ BAI LU - IMO: 9388780

[338/650] Scraping vessel 450...
  ✓ CORUS - IMO: 9544281

[339/650] Scraping vessel 444...
  ✓ ROSALIN - IMO: 9253325

[340/650] Scraping vessel 438...
  ✓ RIMMA - IMO: 9337901

[341/650] Scraping vessel 432...
  ✓ BOSCA - IMO: 9257022

[342/650] Scraping vessel 274...
  ✓ Flag             Gambia


            MMSI
            629009040


            Call sign            C5J54










                                Vessel name                            

JUN MA - IMO: 9353113

[343/650] Scraping vessel 1070...
  ✓ RHEIN - IMO: 9306562

[344/650] Scraping vessel 1069...
  ✓ UNITE - IMO: 9308132

[345/650] Scraping vessel 1067...
  ✓ JAVA - IMO: 9298595

[346/650] Scraping vessel 1063...
Error scraping vessel https://war-sanctions.gur.gov.ua/en/transport/shadow-fleet/1063: HTTPSConnectionPool(host='war-sanctions.gur.gov.ua', port=443): Max retries exceeded with url: /en/transport/shadow-fleet/1063 (Caused by SSLError(SSLEOFError(8, '[SSL: UNEXPECTED_EOF_WHILE_READING] EOF occurred in violation of protocol (_ssl.c:1018)')))
  ✗ Failed to scrape

[347/650] Scraping vessel 1062...
  ✓ ASTORIA - IMO: 9166314

[348/650] Scraping vessel 1020...
  ✓ THORIN - IMO: 9330472

[349/650] Scraping vessel 992...
Error scraping vessel https://war-sanctions.gur.gov.ua/en/transport/shadow-fleet/992: HTTPSConnectionPool(host='war-sanctions.gur.gov.ua', port=443): Max retries exceeded with url: /en/transport/shadow-fleet/992 (Caused by SSLError(SSLEOFError(8, '[SSL: UNEXPECTED_EOF_WHILE_READING] EOF occurred in violation of protocol (_ssl.c:1018)')))